[2011-03-11 15:00:38,766]DEBUG 11484[AWT-EventQueue-0] - org.apache.pdfbox.util.PDFStreamEngine.processSubStream(PDFStreamEngine.java:269) - processing substream token: PDFOperator{TJ}
[2011-03-11 15:00:38,766]DEBUG 11484[AWT-EventQueue-0] - org.apache.pdfbox.util.PDFStreamEngine.processSubStream(PDFStreamEngine.java:269) - processing substream token: PDFOperator{ET}
[2011-03-11 15:00:38,767]DEBUG 11485[AWT-EventQueue-0] - org.apache.pdfbox.util.PDFStreamEngine.processSubStream(PDFStreamEngine.java:269) - processing substream token: PDFOperator{q}
[2011-03-11 15:00:38,767]DEBUG 11485[AWT-EventQueue-0] - org.apache.pdfbox.util.PDFStreamEngine.processSubStream(PDFStreamEngine.java:269) - processing substream token: COSFloat{0.64705}
[2011-03-11 15:00:38,767]DEBUG 11485[AWT-EventQueue-0] - org.apache.pdfbox.util.PDFStreamEngine.processSubStream(PDFStreamEngine.java:269) - processing substream token: COSFloat{0.71372}
[2011-03-11 15:00:38,767]DEBUG 11485[AWT-EventQueue-0] - org.apache.pdfbox.util.PDFStreamEngine.processSubStream(PDFStreamEngine.java:269) - processing substream token: COSFloat{0.77647}
[2011-03-11 15:00:38,767]DEBUG 11485[AWT-EventQueue-0] - org.apache.pdfbox.util.PDFStreamEngine.processSubStream(PDFStreamEngine.java:269) - processing substream token: PDFOperator{rg}
[2011-03-11 15:00:38,768]DEBUG 11486[AWT-EventQueue-0] - org.apache.pdfbox.util.PDFStreamEngine.processSubStream(PDFStreamEngine.java:269) - processing substream token: COSFloat{0.64705}
[2011-03-11 15:00:38,768]DEBUG 11486[AWT-EventQueue-0] - org.apache.pdfbox.util.PDFStreamEngine.processSubStream(PDFStreamEngine.java:269) - processing substream token: COSFloat{0.71372}
[2011-03-11 15:00:38,768]DEBUG 11486[AWT-EventQueue-0] - org.apache.pdfbox.util.PDFStreamEngine.processSubStream(PDFStreamEngine.java:269) - processing substream token: COSFloat{0.77647}
[2011-03-11 15:00:38,768]DEBUG 11486[AWT-EventQueue-0] - org.apache.pdfbox.util.PDFStreamEngine.processSubStream(PDFStreamEngine.java:269) - processing substream token: PDFOperator{RG}
[2011-03-11 15:00:38,768]DEBUG 11486[AWT-EventQueue-0] - org.apache.pdfbox.util.PDFStreamEngine.processSubStream(PDFStreamEngine.java:269) - processing substream token: COSFloat{90.0}
[2011-03-11 15:00:38,768]DEBUG 11486[AWT-EventQueue-0] - org.apache.pdfbox.util.PDFStreamEngine.processSubStream(PDFStreamEngine.java:269) - processing substream token: COSFloat{579.266}
[2011-03-11 15:00:38,769]DEBUG 11487[AWT-EventQueue-0] - org.apache.pdfbox.util.PDFStreamEngine.processSubStream(PDFStreamEngine.java:269) - processing substream token: COSFloat{450.0}
[2011-03-11 15:00:38,769]DEBUG 11487[AWT-EventQueue-0] - org.apache.pdfbox.util.PDFStreamEngine.processSubStream(PDFStreamEngine.java:269) - processing substream token: COSFloat{-9.86}
[2011-03-11 15:00:38,769]DEBUG 11487[AWT-EventQueue-0] - org.apache.pdfbox.util.PDFStreamEngine.processSubStream(PDFStreamEngine.java:269) - processing substream token: PDFOperator{re}
[2011-03-11 15:00:38,769]DEBUG 11487[AWT-EventQueue-0] - org.apache.pdfbox.util.PDFStreamEngine.processSubStream(PDFStreamEngine.java:269) - processing substream token: PDFOperator{b}
[2011-03-11 15:00:38,769]DEBUG 11487[AWT-EventQueue-0] - org.apache.pdfbox.util.PDFStreamEngine.processSubStream(PDFStreamEngine.java:269) - processing substream token: PDFOperator{Q}
[2011-03-11 15:00:38,769]DEBUG 11487[AWT-EventQueue-0] - org.apache.pdfbox.util.PDFStreamEngine.processSubStream(PDFStreamEngine.java:269) - processing substream token: PDFOperator{BT}
[2011-03-11 15:00:38,770]DEBUG 11488[AWT-EventQueue-0] - org.apache.pdfbox.util.PDFStreamEngine.processSubStream(PDFStreamEngine.java:269) - processing substream token: COSName{F9}
[2011-03-11 15:00:38,770]DEBUG 11488[AWT-EventQueue-0] - org.apache.pdfbox.util.PDFStreamEngine.processSubStream(PDFStreamEngine.java:269) - processing substream token: COSFloat{10.0}
[2011-03-11 15:00:38,770]DEBUG 11488[AWT-EventQueue-0] - org.apache.pdfbox.util.PDFStreamEngine.processSubStream(PDFStreamEngine.java:269) - processing substream token: PDFOperator{Tf}
[2011-03-11 15:00:38,770]DEBUG 11488[AWT-EventQueue-0] - org.apache.pdfbox.util.PDFStreamEngine.processSubStream(PDFStreamEngine.java:269) - processing substream token: COSInt{1}
[2011-03-11 15:00:38,770]DEBUG 11488[AWT-EventQueue-0] - org.apache.pdfbox.util.PDFStreamEngine.processSubStream(PDFStreamEngine.java:269) - processing substream token: COSInt{0}
[2011-03-11 15:00:38,770]DEBUG 11488[AWT-EventQueue-0] - org.apache.pdfbox.util.PDFStreamEngine.processSubStream(PDFStreamEngine.java:269) - processing substream token: COSInt{0}
[2011-03-11 15:00:38,771]DEBUG 11489[AWT-EventQueue-0] - org.apache.pdfbox.util.PDFStreamEngine.processSubStream(PDFStreamEngine.java:269) - processing substream token: COSInt{1}
[2011-03-11 15:00:38,771]DEBUG 11489[AWT-EventQueue-0] - org.apache.pdfbox.util.PDFStreamEngine.processSubStream(PDFStreamEngine.java:269) - processing substream token: COSFloat{90.0}
[2011-03-11 15:00:38,771]DEBUG 11489[AWT-EventQueue-0] - org.apache.pdfbox.util.PDFStreamEngine.processSubStream(PDFStreamEngine.java:269) - processing substream token: COSFloat{571.976}
[2011-03-11 15:00:38,771]DEBUG 11489[AWT-EventQueue-0] - org.apache.pdfbox.util.PDFStreamEngine.processSubStream(PDFStreamEngine.java:269) - processing substream token: PDFOperator{Tm}
[2011-03-11 15:00:38,771]DEBUG 11489[AWT-EventQueue-0] - org.apache.pdfbox.util.PDFStreamEngine.processSubStream(PDFStreamEngine.java:269) - processing substream token: COSArray{[COSString{title:(+return}, COSFloat{-600.0}, COSString{+"pink}, COSFloat{-600.0}, COSString{panther")}]}
[2011-03-11 15:00:38,772]DEBUG 11490[AWT-EventQueue-0] - org.apache.pdfbox.util.PDFStreamEngine.processSubStream(PDFStreamEngine.java:269) - processing substream token: PDFOperator{TJ}
[2011-03-11 15:00:38,772]DEBUG 11490[AWT-EventQueue-0] - org.apache.pdfbox.util.PDFStreamEngine.processSubStream(PDFStreamEngine.java:269) - processing substream token: PDFOperator{ET}
[2011-03-11 15:00:38,772]DEBUG 11490[AWT-EventQueue-0] - org.apache.pdfbox.util.PDFStreamEngine.processSubStream(PDFStreamEngine.java:269) - processing substream token: PDFOperator{q}
[2011-03-11 15:00:38,772]DEBUG 11490[AWT-EventQueue-0] - org.apache.pdfbox.util.PDFStreamEngine.processSubStream(PDFStreamEngine.java:269) - processing substream token: COSFloat{0.89803}
[2011-03-11 15:00:38,772]DEBUG 11490[AWT-EventQueue-0] - org.apache.pdfbox.util.PDFStreamEngine.processSubStream(PDFStreamEngine.java:269) - processing substream token: COSFloat{0.89411}
[2011-03-11 15:00:38,773]DEBUG 11491[AWT-EventQueue-0] - org.apache.pdfbox.util.PDFStreamEngine.processSubStream(PDFStreamEngine.java:269) - processing substream token: COSFloat{0.85098}
[2011-03-11 15:00:38,773]DEBUG 11491[AWT-EventQueue-0] - org.apache.pdfbox.util.PDFStreamEngine.processSubStream(PDFStreamEngine.java:269) - processing substream token: PDFOperator{rg}
[2011-03-11 15:00:38,773]DEBUG 11491[AWT-EventQueue-0] - org.apache.pdfbox.util.PDFStreamEngine.processSubStream(PDFStreamEngine.java:269) - processing substream token: COSFloat{0.89803}
[2011-03-11 15:00:38,773]DEBUG 11491[AWT-EventQueue-0] - org.apache.pdfbox.util.PDFStreamEngine.processSubStream(PDFStreamEngine.java:269) - processing substream token: COSFloat{0.89411}
[2011-03-11 15:00:38,773]DEBUG 11491[AWT-EventQueue-0] - org.apache.pdfbox.util.PDFStreamEngine.processSubStream(PDFStreamEngine.java:269) - processing substream token: COSFloat{0.85098}
[2011-03-11 15:00:38,773]DEBUG 11491[AWT-EventQueue-0] - org.apache.pdfbox.util.PDFStreamEngine.processSubStream(PDFStreamEngine.java:269) - processing substream token: PDFOperator{RG}
[2011-03-11 15:00:38,774]DEBUG 11492[AWT-EventQueue-0] - org.apache.pdfbox.util.PDFStreamEngine.processSubStream(PDFStreamEngine.java:269) - processing substream token: COSFloat{90.0}
[2011-03-11 15:00:38,774]DEBUG 11492[AWT-EventQueue-0] - org.apache.pdfbox.util.PDFStreamEngine.processSubStream(PDFStreamEngine.java:269) - processing substream token: COSFloat{557.406}
[2011-03-11 15:00:38,774]DEBUG 11492[AWT-EventQueue-0] - org.apache.pdfbox.util.PDFStreamEngine.processSubStream(PDFStreamEngine.java:269) - processing substream token: COSFloat{450.0}
[2011-03-11 15:00:38,774]DEBUG 11492[AWT-EventQueue-0] - org.apache.pdfbox.util.PDFStreamEngine.processSubStream(PDFStreamEngine.java:269) - processing substream token: COSFloat{-15.134}
[2011-03-11 15:00:38,776]DEBUG 11494[AWT-EventQueue-0] - org.apache.pdfbox.util.PDFStreamEngine.processSubStream(PDFStreamEngine.java:269) - processing substream token: PDFOperator{re}
[2011-03-11 15:00:38,776]DEBUG 11494[AWT-EventQueue-0] - org.apache.pdfbox.util.PDFStreamEngine.processSubStream(PDFStreamEngine.java:269) - processing substream token: PDFOperator{b}
[2011-03-11 15:00:38,777]DEBUG 11495[AWT-EventQueue-0] - org.apache.pdfbox.util.PDFStreamEngine.processSubStream(PDFStreamEngine.java:269) - processing substream token: PDFOperator{Q}
[2011-03-11 15:00:38,777]DEBUG 11495[AWT-EventQueue-0] - org.apache.pdfbox.util.PDFStreamEngine.processSubStream(PDFStreamEngine.java:269) - processing substream token: PDFOperator{BT}
[2011-03-11 15:00:38,777]DEBUG 11495[AWT-EventQueue-0] - org.apache.pdfbox.util.PDFStreamEngine.processSubStream(PDFStreamEngine.java:269) - processing substream token: COSName{F7}
[2011-03-11 15:00:38,777]DEBUG 11495[AWT-EventQueue-0] - org.apache.pdfbox.util.PDFStreamEngine.processSubStream(PDFStreamEngine.java:269) - processing substream token: COSFloat{14.0}
[2011-03-11 15:00:38,777]DEBUG 11495[AWT-EventQueue-0] - org.apache.pdfbox.util.PDFStreamEngine.processSubStream(PDFStreamEngine.java:269) - processing substream token: PDFOperator{Tf}
[2011-03-11 15:00:38,778]DEBUG 11496[AWT-EventQueue-0] - org.apache.pdfbox.util.PDFStreamEngine.processSubStream(PDFStreamEngine.java:269) - processing substream token: COSInt{1}
[2011-03-11 15:00:38,778]DEBUG 11496[AWT-EventQueue-0] - org.apache.pdfbox.util.PDFStreamEngine.processSubStream(PDFStreamEngine.java:269) - processing substream token: COSInt{0}
[2011-03-11 15:00:38,778]DEBUG 11496[AWT-EventQueue-0] - org.apache.pdfbox.util.PDFStreamEngine.processSubStream(PDFStreamEngine.java:269) - processing substream token: COSInt{0}
[2011-03-11 15:00:38,778]DEBUG 11496[AWT-EventQueue-0] - org.apache.pdfbox.util.PDFStreamEngine.processSubStream(PDFStreamEngine.java:269) - processing substream token: COSInt{1}
[2011-03-11 15:00:38,778]DEBUG 11496[AWT-EventQueue-0] - org.apache.pdfbox.util.PDFStreamEngine.processSubStream(PDFStreamEngine.java:269) - processing substream token: COSFloat{90.0}
[2011-03-11 15:00:38,778]DEBUG 11496[AWT-EventQueue-0] - org.apache.pdfbox.util.PDFStreamEngine.processSubStream(PDFStreamEngine.java:269) - processing substream token: COSFloat{546.542}
[2011-03-11 15:00:38,779]DEBUG 11497[AWT-EventQueue-0] - org.apache.pdfbox.util.PDFStreamEngine.processSubStream(PDFStreamEngine.java:269) - processing substream token: PDFOperator{Tm}
[2011-03-11 15:00:38,779]DEBUG 11497[AWT-EventQueue-0] - org.apache.pdfbox.util.PDFStreamEngine.processSubStream(PDFStreamEngine.java:269) - processing substream token: COSArray{[COSString{8.}, COSFloat{-250.0}, COSString{Escaping}, COSFloat{-250.0}, COSString{Special}, COSFloat{-250.0}, COSString{Characters}]}
[2011-03-11 15:00:38,779]DEBUG 11497[AWT-EventQueue-0] - org.apache.pdfbox.util.PDFStreamEngine.processSubStream(PDFStreamEngine.java:269) - processing substream token: PDFOperator{TJ}
[2011-03-11 15:00:38,779]DEBUG 11497[AWT-EventQueue-0] - org.apache.pdfbox.util.PDFStreamEngine.processSubStream(PDFStreamEngine.java:269) - processing substream token: PDFOperator{ET}
[2011-03-11 15:00:38,779]DEBUG 11497[AWT-EventQueue-0] - org.apache.pdfbox.util.PDFStreamEngine.processSubStream(PDFStreamEngine.java:269) - processing substream token: PDFOperator{q}
[2011-03-11 15:00:38,780]DEBUG 11498[AWT-EventQueue-0] - org.apache.pdfbox.util.PDFStreamEngine.processSubStream(PDFStreamEngine.java:269) - processing substream token: COSInt{1}
[2011-03-11 15:00:38,780]DEBUG 11498[AWT-EventQueue-0] - org.apache.pdfbox.util.PDFStreamEngine.processSubStream(PDFStreamEngine.java:269) - processing substream token: PDFOperator{g}
[2011-03-11 15:00:38,780]DEBUG 11498[AWT-EventQueue-0] - org.apache.pdfbox.util.PDFStreamEngine.processSubStream(PDFStreamEngine.java:269) - processing substream token: COSInt{1}
[2011-03-11 15:00:38,780]DEBUG 11498[AWT-EventQueue-0] - org.apache.pdfbox.util.PDFStreamEngine.processSubStream(PDFStreamEngine.java:269) - processing substream token: PDFOperator{G}
[2011-03-11 15:00:38,780]DEBUG 11498[AWT-EventQueue-0] - org.apache.pdfbox.util.PDFStreamEngine.processSubStream(PDFStreamEngine.java:269) - processing substream token: COSFloat{90.0}
[2011-03-11 15:00:38,781]DEBUG 11499[AWT-EventQueue-0] - org.apache.pdfbox.util.PDFStreamEngine.processSubStream(PDFStreamEngine.java:269) - processing substream token: COSFloat{538.272}
[2011-03-11 15:00:38,781]DEBUG 11499[AWT-EventQueue-0] - org.apache.pdfbox.util.PDFStreamEngine.processSubStream(PDFStreamEngine.java:269) - processing substream token: COSFloat{450.0}
[2011-03-11 15:00:38,781]DEBUG 11499[AWT-EventQueue-0] - org.apache.pdfbox.util.PDFStreamEngine.processSubStream(PDFStreamEngine.java:269) - processing substream token: COSFloat{-99.86}
[2011-03-11 15:00:38,781]DEBUG 11499[AWT-EventQueue-0] - org.apache.pdfbox.util.PDFStreamEngine.processSubStream(PDFStreamEngine.java:269) - processing substream token: PDFOperator{re}
[2011-03-11 15:00:38,781]DEBUG 11499[AWT-EventQueue-0] - org.apache.pdfbox.util.PDFStreamEngine.processSubStream(PDFStreamEngine.java:269) - processing substream token: PDFOperator{b}
[2011-03-11 15:00:38,781]DEBUG 11499[AWT-EventQueue-0] - org.apache.pdfbox.util.PDFStreamEngine.processSubStream(PDFStreamEngine.java:269) - processing substream token: PDFOperator{Q}
[2011-03-11 15:00:38,782]DEBUG 11500[AWT-EventQueue-0] - org.apache.pdfbox.util.PDFStreamEngine.processSubStream(PDFStreamEngine.java:269) - processing substream token: PDFOperator{BT}
[2011-03-11 15:00:38,782]DEBUG 11500[AWT-EventQueue-0] - org.apache.pdfbox.util.PDFStreamEngine.processSubStream(PDFStreamEngine.java:269) - processing substream token: COSName{F5}
[2011-03-11 15:00:38,782]DEBUG 11500[AWT-EventQueue-0] - org.apache.pdfbox.util.PDFStreamEngine.processSubStream(PDFStreamEngine.java:269) - processing substream token: COSFloat{12.0}
[2011-03-11 15:00:38,782]DEBUG 11500[AWT-EventQueue-0] - org.apache.pdfbox.util.PDFStreamEngine.processSubStream(PDFStreamEngine.java:269) - processing substream token: PDFOperator{Tf}
[2011-03-11 15:00:38,783]DEBUG 11501[AWT-EventQueue-0] - org.apache.pdfbox.util.PDFStreamEngine.processSubStream(PDFStreamEngine.java:269) - processing substream token: COSInt{1}
[2011-03-11 15:00:38,783]DEBUG 11501[AWT-EventQueue-0] - org.apache.pdfbox.util.PDFStreamEngine.processSubStream(PDFStreamEngine.java:269) - processing substream token: COSInt{0}
[2011-03-11 15:00:38,783]DEBUG 11501[AWT-EventQueue-0] - org.apache.pdfbox.util.PDFStreamEngine.processSubStream(PDFStreamEngine.java:269) - processing substream token: COSInt{0}
[2011-03-11 15:00:38,783]DEBUG 11501[AWT-EventQueue-0] - org.apache.pdfbox.util.PDFStreamEngine.processSubStream(PDFStreamEngine.java:269) - processing substream token: COSInt{1}
[2011-03-11 15:00:38,783]DEBUG 11501[AWT-EventQueue-0] - org.apache.pdfbox.util.PDFStreamEngine.processSubStream(PDFStreamEngine.java:269) - processing substream token: COSFloat{90.0}
[2011-03-11 15:00:38,784]DEBUG 11502[AWT-EventQueue-0] - org.apache.pdfbox.util.PDFStreamEngine.processSubStream(PDFStreamEngine.java:269) - processing substream token: COSFloat{524.876}
[2011-03-11 15:00:38,784]DEBUG 11502[AWT-EventQueue-0] - org.apache.pdfbox.util.PDFStreamEngine.processSubStream(PDFStreamEngine.java:269) - processing substream token: PDFOperator{Tm}
[2011-03-11 15:00:38,784]DEBUG 11502[AWT-EventQueue-0] - org.apache.pdfbox.util.PDFStreamEngine.processSubStream(PDFStreamEngine.java:269) - processing substream token: COSArray{[COSString{Lucene}, COSFloat{-250.0}, COSString{supports}, COSFloat{-250.0}, COSString{escaping}, COSFloat{-250.0}, COSString{special}, COSFloat{-250.0}, COSString{characters}, COSFloat{-250.0}, COSString{that}, COSFloat{-250.0}, COSString{are}, COSFloat{-250.0}, COSString{part}, COSFloat{-250.0}, COSString{of}, COSFloat{-250.0}, COSString{the}, COSFloat{-250.0}, COSString{query}, COSFloat{-250.0}, COSString{syntax.}, COSFloat{-250.0}, COSString{The}, COSFloat{-250.0}, COSString{current}, COSFloat{-250.0}, COSString{list}]}
[2011-03-11 15:00:38,784]DEBUG 11502[AWT-EventQueue-0] - org.apache.pdfbox.util.PDFStreamEngine.processSubStream(PDFStreamEngine.java:269) - processing substream token: PDFOperator{TJ}
[2011-03-11 15:00:38,785]DEBUG 11503[AWT-EventQueue-0] - org.apache.pdfbox.util.PDFStreamEngine.processSubStream(PDFStreamEngine.java:269) - processing substream token: COSInt{1}
[2011-03-11 15:00:38,785]DEBUG 11503[AWT-EventQueue-0] - org.apache.pdfbox.util.PDFStreamEngine.processSubStream(PDFStreamEngine.java:269) - processing substream token: COSInt{0}
[2011-03-11 15:00:38,785]DEBUG 11503[AWT-EventQueue-0] - org.apache.pdfbox.util.PDFStreamEngine.processSubStream(PDFStreamEngine.java:269) - processing substream token: COSInt{0}
[2011-03-11 15:00:38,785]DEBUG 11503[AWT-EventQueue-0] - org.apache.pdfbox.util.PDFStreamEngine.processSubStream(PDFStreamEngine.java:269) - processing substream token: COSInt{1}
[2011-03-11 15:00:38,786]DEBUG 11504[AWT-EventQueue-0] - org.apache.pdfbox.util.PDFStreamEngine.processSubStream(PDFStreamEngine.java:269) - processing substream token: COSFloat{90.0}
[2011-03-11 15:00:38,786]DEBUG 11504[AWT-EventQueue-0] - org.apache.pdfbox.util.PDFStreamEngine.processSubStream(PDFStreamEngine.java:269) - processing substream token: COSFloat{511.676}
[2011-03-11 15:00:38,787]DEBUG 11505[AWT-EventQueue-0] - org.apache.pdfbox.util.PDFStreamEngine.processSubStream(PDFStreamEngine.java:269) - processing substream token: PDFOperator{Tm}
[2011-03-11 15:00:38,787]DEBUG 11505[AWT-EventQueue-0] - org.apache.pdfbox.util.PDFStreamEngine.processSubStream(PDFStreamEngine.java:269) - processing substream token: COSArray{[COSString{special}, COSFloat{-250.0}, COSString{characters}, COSFloat{-250.0}, COSString{are}]}
[2011-03-11 15:00:38,787]DEBUG 11505[AWT-EventQueue-0] - org.apache.pdfbox.util.PDFStreamEngine.processSubStream(PDFStreamEngine.java:269) - processing substream token: PDFOperator{TJ}
[2011-03-11 15:00:38,787]DEBUG 11505[AWT-EventQueue-0] - org.apache.pdfbox.util.PDFStreamEngine.processSubStream(PDFStreamEngine.java:269) - processing substream token: COSInt{1}
[2011-03-11 15:00:38,788]DEBUG 11506[AWT-EventQueue-0] - org.apache.pdfbox.util.PDFStreamEngine.processSubStream(PDFStreamEngine.java:269) - processing substream token: COSInt{0}
[2011-03-11 15:00:38,788]DEBUG 11506[AWT-EventQueue-0] - org.apache.pdfbox.util.PDFStreamEngine.processSubStream(PDFStreamEngine.java:269) - processing substream token: COSInt{0}
[2011-03-11 15:00:38,788]DEBUG 11506[AWT-EventQueue-0] - org.apache.pdfbox.util.PDFStreamEngine.processSubStream(PDFStreamEngine.java:269) - processing substream token: COSInt{1}
[2011-03-11 15:00:38,788]DEBUG 11506[AWT-EventQueue-0] - org.apache.pdfbox.util.PDFStreamEngine.processSubStream(PDFStreamEngine.java:269) - processing substream token: COSFloat{90.0}
[2011-03-11 15:00:38,788]DEBUG 11506[AWT-EventQueue-0] - org.apache.pdfbox.util.PDFStreamEngine.processSubStream(PDFStreamEngine.java:269) - processing substream token: COSFloat{490.476}
[2011-03-11 15:00:38,789]DEBUG 11507[AWT-EventQueue-0] - org.apache.pdfbox.util.PDFStreamEngine.processSubStream(PDFStreamEngine.java:269) - processing substream token: PDFOperator{Tm}
[2011-03-11 15:00:38,789]DEBUG 11507[AWT-EventQueue-0] - org.apache.pdfbox.util.PDFStreamEngine.processSubStream(PDFStreamEngine.java:269) - processing substream token: COSArray{[COSString{+}, COSFloat{-250.0}, COSString{-}, COSFloat{-250.0}, COSString{&&}, COSFloat{-250.0}, COSString{||}, COSFloat{-250.0}, COSString{!}, COSFloat{-250.0}, COSString{(}, COSFloat{-250.0}, COSString{)}, COSFloat{-250.0}, COSString{{}, COSFloat{-250.0}, COSString{}}, COSFloat{-250.0}, COSString{[}, COSFloat{-250.0}, COSString{]}, COSFloat{-250.0}, COSString{^}, COSFloat{-250.0}, COSString{"}, COSFloat{-250.0}, COSString{~}, COSFloat{-250.0}, COSString{*}, COSFloat{-250.0}, COSString{?}, COSFloat{-250.0}, COSString{:}, COSFloat{-250.0}, COSString{\}]}
[2011-03-11 15:00:38,789]DEBUG 11507[AWT-EventQueue-0] - org.apache.pdfbox.util.PDFStreamEngine.processSubStream(PDFStreamEngine.java:269) - processing substream token: PDFOperator{TJ}
[2011-03-11 15:00:38,789]DEBUG 11507[AWT-EventQueue-0] - org.apache.pdfbox.util.PDFStreamEngine.processSubStream(PDFStreamEngine.java:269) - processing substream token: COSInt{1}
[2011-03-11 15:00:38,790]DEBUG 11508[AWT-EventQueue-0] - org.apache.pdfbox.util.PDFStreamEngine.processSubStream(PDFStreamEngine.java:269) - processing substream token: COSInt{0}
[2011-03-11 15:00:38,790]DEBUG 11508[AWT-EventQueue-0] - org.apache.pdfbox.util.PDFStreamEngine.processSubStream(PDFStreamEngine.java:269) - processing substream token: COSInt{0}
[2011-03-11 15:00:38,790]DEBUG 11508[AWT-EventQueue-0] - org.apache.pdfbox.util.PDFStreamEngine.processSubStream(PDFStreamEngine.java:269) - processing substream token: COSInt{1}
[2011-03-11 15:00:38,790]DEBUG 11508[AWT-EventQueue-0] - org.apache.pdfbox.util.PDFStreamEngine.processSubStream(PDFStreamEngine.java:269) - processing substream token: COSFloat{90.0}
[2011-03-11 15:00:38,791]DEBUG 11509[AWT-EventQueue-0] - org.apache.pdfbox.util.PDFStreamEngine.processSubStream(PDFStreamEngine.java:269) - processing substream token: COSFloat{469.276}
[2011-03-11 15:00:38,791]DEBUG 11509[AWT-EventQueue-0] - org.apache.pdfbox.util.PDFStreamEngine.processSubStream(PDFStreamEngine.java:269) - processing substream token: PDFOperator{Tm}
[2011-03-11 15:00:38,791]DEBUG 11509[AWT-EventQueue-0] - org.apache.pdfbox.util.PDFStreamEngine.processSubStream(PDFStreamEngine.java:269) - processing substream token: COSArray{[COSString{To}, COSFloat{-250.0}, COSString{escape}, COSFloat{-250.0}, COSString{these}, COSFloat{-250.0}, COSString{character}, COSFloat{-250.0}, COSString{use}, COSFloat{-250.0}, COSString{the}, COSFloat{-250.0}, COSString{\}, COSFloat{-250.0}, COSString{before}, COSFloat{-250.0}, COSString{the}, COSFloat{-250.0}, COSString{character.}, COSFloat{-250.0}, COSString{For}, COSFloat{-250.0}, COSString{example}, COSFloat{-250.0}, COSString{to}, COSFloat{-250.0}, COSString{search}, COSFloat{-250.0}, COSString{for}, COSFloat{-250.0}, COSString{(1+1):2}]}
[2011-03-11 15:00:38,791]DEBUG 11509[AWT-EventQueue-0] - org.apache.pdfbox.util.PDFStreamEngine.processSubStream(PDFStreamEngine.java:269) - processing substream token: PDFOperator{TJ}
[2011-03-11 15:00:38,792]DEBUG 11510[AWT-EventQueue-0] - org.apache.pdfbox.util.PDFStreamEngine.processSubStream(PDFStreamEngine.java:269) - processing substream token: COSInt{1}
[2011-03-11 15:00:38,792]DEBUG 11510[AWT-EventQueue-0] - org.apache.pdfbox.util.PDFStreamEngine.processSubStream(PDFStreamEngine.java:269) - processing substream token: COSInt{0}
[2011-03-11 15:00:38,792]DEBUG 11510[AWT-EventQueue-0] - org.apache.pdfbox.util.PDFStreamEngine.processSubStream(PDFStreamEngine.java:269) - processing substream token: COSInt{0}
[2011-03-11 15:00:38,792]DEBUG 11510[AWT-EventQueue-0] - org.apache.pdfbox.util.PDFStreamEngine.processSubStream(PDFStreamEngine.java:269) - processing substream token: COSInt{1}
[2011-03-11 15:00:38,793]DEBUG 11511[AWT-EventQueue-0] - org.apache.pdfbox.util.PDFStreamEngine.processSubStream(PDFStreamEngine.java:269) - processing substream token: COSFloat{90.0}
[2011-03-11 15:00:38,793]DEBUG 11511[AWT-EventQueue-0] - org.apache.pdfbox.util.PDFStreamEngine.processSubStream(PDFStreamEngine.java:269) - processing substream token: COSFloat{456.076}
[2011-03-11 15:00:38,793]DEBUG 11511[AWT-EventQueue-0] - org.apache.pdfbox.util.PDFStreamEngine.processSubStream(PDFStreamEngine.java:269) - processing substream token: PDFOperator{Tm}
[2011-03-11 15:00:38,793]DEBUG 11511[AWT-EventQueue-0] - org.apache.pdfbox.util.PDFStreamEngine.processSubStream(PDFStreamEngine.java:269) - processing substream token: COSArray{[COSString{use}, COSFloat{-250.0}, COSString{the}, COSFloat{-250.0}, COSString{query:}]}
[2011-03-11 15:00:38,793]DEBUG 11511[AWT-EventQueue-0] - org.apache.pdfbox.util.PDFStreamEngine.processSubStream(PDFStreamEngine.java:269) - processing substream token: PDFOperator{TJ}
[2011-03-11 15:00:38,794]DEBUG 11512[AWT-EventQueue-0] - org.apache.pdfbox.util.PDFStreamEngine.processSubStream(PDFStreamEngine.java:269) - processing substream token: PDFOperator{ET}
[2011-03-11 15:00:38,794]DEBUG 11512[AWT-EventQueue-0] - org.apache.pdfbox.util.PDFStreamEngine.processSubStream(PDFStreamEngine.java:269) - processing substream token: PDFOperator{q}
[2011-03-11 15:00:38,794]DEBUG 11512[AWT-EventQueue-0] - org.apache.pdfbox.util.PDFStreamEngine.processSubStream(PDFStreamEngine.java:269) - processing substream token: COSFloat{0.64705}
[2011-03-11 15:00:38,795]DEBUG 11513[AWT-EventQueue-0] - org.apache.pdfbox.util.PDFStreamEngine.processSubStream(PDFStreamEngine.java:269) - processing substream token: COSFloat{0.71372}
[2011-03-11 15:00:38,795]DEBUG 11513[AWT-EventQueue-0] - org.apache.pdfbox.util.PDFStreamEngine.processSubStream(PDFStreamEngine.java:269) - processing substream token: COSFloat{0.77647}
[2011-03-11 15:00:38,795]DEBUG 11513[AWT-EventQueue-0] - org.apache.pdfbox.util.PDFStreamEngine.processSubStream(PDFStreamEngine.java:269) - processing substream token: PDFOperator{rg}
[2011-03-11 15:00:38,795]DEBUG 11513[AWT-EventQueue-0] - org.apache.pdfbox.util.PDFStreamEngine.processSubStream(PDFStreamEngine.java:269) - processing substream token: COSFloat{0.64705}
[2011-03-11 15:00:38,795]DEBUG 11513[AWT-EventQueue-0] - org.apache.pdfbox.util.PDFStreamEngine.processSubStream(PDFStreamEngine.java:269) - processing substream token: COSFloat{0.71372}
[2011-03-11 15:00:38,796]DEBUG 11514[AWT-EventQueue-0] - org.apache.pdfbox.util.PDFStreamEngine.processSubStream(PDFStreamEngine.java:269) - processing substream token: COSFloat{0.77647}
[2011-03-11 15:00:38,796]DEBUG 11514[AWT-EventQueue-0] - org.apache.pdfbox.util.PDFStreamEngine.processSubStream(PDFStreamEngine.java:269) - processing substream token: PDFOperator{RG}
[2011-03-11 15:00:38,796]DEBUG 11514[AWT-EventQueue-0] - org.apache.pdfbox.util.PDFStreamEngine.processSubStream(PDFStreamEngine.java:269) - processing substream token: COSFloat{90.0}
[2011-03-11 15:00:38,797]DEBUG 11515[AWT-EventQueue-0] - org.apache.pdfbox.util.PDFStreamEngine.processSubStream(PDFStreamEngine.java:269) - processing substream token: COSFloat{448.272}
[2011-03-11 15:00:38,797]DEBUG 11515[AWT-EventQueue-0] - org.apache.pdfbox.util.PDFStreamEngine.processSubStream(PDFStreamEngine.java:269) - processing substream token: COSFloat{450.0}
[2011-03-11 15:00:38,797]DEBUG 11515[AWT-EventQueue-0] - org.apache.pdfbox.util.PDFStreamEngine.processSubStream(PDFStreamEngine.java:269) - processing substream token: COSFloat{-9.86}
[2011-03-11 15:00:38,797]DEBUG 11515[AWT-EventQueue-0] - org.apache.pdfbox.util.PDFStreamEngine.processSubStream(PDFStreamEngine.java:269) - processing substream token: PDFOperator{re}
[2011-03-11 15:00:38,797]DEBUG 11515[AWT-EventQueue-0] - org.apache.pdfbox.util.PDFStreamEngine.processSubStream(PDFStreamEngine.java:269) - processing substream token: PDFOperator{b}
[2011-03-11 15:00:38,798]DEBUG 11516[AWT-EventQueue-0] - org.apache.pdfbox.util.PDFStreamEngine.processSubStream(PDFStreamEngine.java:269) - processing substream token: PDFOperator{Q}
[2011-03-11 15:00:38,798]DEBUG 11516[AWT-EventQueue-0] - org.apache.pdfbox.util.PDFStreamEngine.processSubStream(PDFStreamEngine.java:269) - processing substream token: PDFOperator{BT}
[2011-03-11 15:00:38,798]DEBUG 11516[AWT-EventQueue-0] - org.apache.pdfbox.util.PDFStreamEngine.processSubStream(PDFStreamEngine.java:269) - processing substream token: COSName{F9}
[2011-03-11 15:00:38,798]DEBUG 11516[AWT-EventQueue-0] - org.apache.pdfbox.util.PDFStreamEngine.processSubStream(PDFStreamEngine.java:269) - processing substream token: COSFloat{10.0}
[2011-03-11 15:00:38,799]DEBUG 11517[AWT-EventQueue-0] - org.apache.pdfbox.util.PDFStreamEngine.processSubStream(PDFStreamEngine.java:269) - processing substream token: PDFOperator{Tf}
[2011-03-11 15:00:38,799]DEBUG 11517[AWT-EventQueue-0] - org.apache.pdfbox.util.PDFStreamEngine.processSubStream(PDFStreamEngine.java:269) - processing substream token: COSInt{1}
[2011-03-11 15:00:38,799]DEBUG 11517[AWT-EventQueue-0] - org.apache.pdfbox.util.PDFStreamEngine.processSubStream(PDFStreamEngine.java:269) - processing substream token: COSInt{0}
[2011-03-11 15:00:38,799]DEBUG 11517[AWT-EventQueue-0] - org.apache.pdfbox.util.PDFStreamEngine.processSubStream(PDFStreamEngine.java:269) - processing substream token: COSInt{0}
[2011-03-11 15:00:38,799]DEBUG 11517[AWT-EventQueue-0] - org.apache.pdfbox.util.PDFStreamEngine.processSubStream(PDFStreamEngine.java:269) - processing substream token: COSInt{1}
[2011-03-11 15:00:38,800]DEBUG 11518[AWT-EventQueue-0] - org.apache.pdfbox.util.PDFStreamEngine.processSubStream(PDFStreamEngine.java:269) - processing substream token: COSFloat{90.0}
[2011-03-11 15:00:38,800]DEBUG 11518[AWT-EventQueue-0] - org.apache.pdfbox.util.PDFStreamEngine.processSubStream(PDFStreamEngine.java:269) - processing substream token: COSFloat{440.982}
[2011-03-11 15:00:38,800]DEBUG 11518[AWT-EventQueue-0] - org.apache.pdfbox.util.PDFStreamEngine.processSubStream(PDFStreamEngine.java:269) - processing substream token: PDFOperator{Tm}
[2011-03-11 15:00:38,800]DEBUG 11518[AWT-EventQueue-0] - org.apache.pdfbox.util.PDFStreamEngine.processSubStream(PDFStreamEngine.java:269) - processing substream token: COSArray{[COSString{\(1\+1\)\:2}]}
[2011-03-11 15:00:38,800]DEBUG 11518[AWT-EventQueue-0] - org.apache.pdfbox.util.PDFStreamEngine.processSubStream(PDFStreamEngine.java:269) - processing substream token: PDFOperator{TJ}
[2011-03-11 15:00:38,801]DEBUG 11519[AWT-EventQueue-0] - org.apache.pdfbox.util.PDFStreamEngine.processSubStream(PDFStreamEngine.java:269) - processing substream token: COSName{F2}
[2011-03-11 15:00:38,801]DEBUG 11519[AWT-EventQueue-0] - org.apache.pdfbox.util.PDFStreamEngine.processSubStream(PDFStreamEngine.java:269) - processing substream token: COSFloat{8.4}
[2011-03-11 15:00:38,801]DEBUG 11519[AWT-EventQueue-0] - org.apache.pdfbox.util.PDFStreamEngine.processSubStream(PDFStreamEngine.java:269) - processing substream token: PDFOperator{Tf}
[2011-03-11 15:00:38,801]DEBUG 11519[AWT-EventQueue-0] - org.apache.pdfbox.util.PDFStreamEngine.processSubStream(PDFStreamEngine.java:269) - processing substream token: COSInt{1}
[2011-03-11 15:00:38,802]DEBUG 11520[AWT-EventQueue-0] - org.apache.pdfbox.util.PDFStreamEngine.processSubStream(PDFStreamEngine.java:269) - processing substream token: COSInt{0}
[2011-03-11 15:00:38,802]DEBUG 11520[AWT-EventQueue-0] - org.apache.pdfbox.util.PDFStreamEngine.processSubStream(PDFStreamEngine.java:269) - processing substream token: COSInt{0}
[2011-03-11 15:00:38,802]DEBUG 11520[AWT-EventQueue-0] - org.apache.pdfbox.util.PDFStreamEngine.processSubStream(PDFStreamEngine.java:269) - processing substream token: COSInt{1}
[2011-03-11 15:00:38,802]DEBUG 11520[AWT-EventQueue-0] - org.apache.pdfbox.util.PDFStreamEngine.processSubStream(PDFStreamEngine.java:269) - processing substream token: COSFloat{90.0}
[2011-03-11 15:00:38,802]DEBUG 11520[AWT-EventQueue-0] - org.apache.pdfbox.util.PDFStreamEngine.processSubStream(PDFStreamEngine.java:269) - processing substream token: COSFloat{713.129}
[2011-03-11 15:00:38,803]DEBUG 11521[AWT-EventQueue-0] - org.apache.pdfbox.util.PDFStreamEngine.processSubStream(PDFStreamEngine.java:269) - processing substream token: PDFOperator{Tm}
[2011-03-11 15:00:38,803]DEBUG 11521[AWT-EventQueue-0] - org.apache.pdfbox.util.PDFStreamEngine.processSubStream(PDFStreamEngine.java:269) - processing substream token: COSArray{[COSString{Apache}, COSFloat{-277.9762}, COSString{Lucene}, COSFloat{-277.9762}, COSString{-}, COSFloat{-277.9762}, COSString{Query}, COSFloat{-277.9762}, COSString{Parser}, COSFloat{-277.9762}, COSString{Syntax}]}
[2011-03-11 15:00:38,803]DEBUG 11521[AWT-EventQueue-0] - org.apache.pdfbox.util.PDFStreamEngine.processSubStream(PDFStreamEngine.java:269) - processing substream token: PDFOperator{TJ}
[2011-03-11 15:00:38,803]DEBUG 11521[AWT-EventQueue-0] - org.apache.pdfbox.util.PDFStreamEngine.processSubStream(PDFStreamEngine.java:269) - processing substream token: PDFOperator{ET}
[2011-03-11 15:00:38,804]DEBUG 11522[AWT-EventQueue-0] - org.apache.pdfbox.util.PDFStreamEngine.processSubStream(PDFStreamEngine.java:269) - processing substream token: PDFOperator{q}
[2011-03-11 15:00:38,804]DEBUG 11522[AWT-EventQueue-0] - org.apache.pdfbox.util.PDFStreamEngine.processSubStream(PDFStreamEngine.java:269) - processing substream token: COSInt{0}
[2011-03-11 15:00:38,804]DEBUG 11522[AWT-EventQueue-0] - org.apache.pdfbox.util.PDFStreamEngine.processSubStream(PDFStreamEngine.java:269) - processing substream token: PDFOperator{g}
[2011-03-11 15:00:38,804]DEBUG 11522[AWT-EventQueue-0] - org.apache.pdfbox.util.PDFStreamEngine.processSubStream(PDFStreamEngine.java:269) - processing substream token: COSFloat{90.0}
[2011-03-11 15:00:38,805]DEBUG 11523[AWT-EventQueue-0] - org.apache.pdfbox.util.PDFStreamEngine.processSubStream(PDFStreamEngine.java:269) - processing substream token: COSFloat{107.75}
[2011-03-11 15:00:38,805]DEBUG 11523[AWT-EventQueue-0] - org.apache.pdfbox.util.PDFStreamEngine.processSubStream(PDFStreamEngine.java:269) - processing substream token: COSFloat{450.0}
[2011-03-11 15:00:38,805]DEBUG 11523[AWT-EventQueue-0] - org.apache.pdfbox.util.PDFStreamEngine.processSubStream(PDFStreamEngine.java:269) - processing substream token: COSFloat{0.25}
[2011-03-11 15:00:38,805]DEBUG 11523[AWT-EventQueue-0] - org.apache.pdfbox.util.PDFStreamEngine.processSubStream(PDFStreamEngine.java:269) - processing substream token: PDFOperator{re}
[2011-03-11 15:00:38,805]DEBUG 11523[AWT-EventQueue-0] - org.apache.pdfbox.util.PDFStreamEngine.processSubStream(PDFStreamEngine.java:269) - processing substream token: PDFOperator{f}
[2011-03-11 15:00:38,806]DEBUG 11524[AWT-EventQueue-0] - org.apache.pdfbox.util.PDFStreamEngine.processSubStream(PDFStreamEngine.java:269) - processing substream token: PDFOperator{Q}
[2011-03-11 15:00:38,806]DEBUG 11524[AWT-EventQueue-0] - org.apache.pdfbox.util.PDFStreamEngine.processSubStream(PDFStreamEngine.java:269) - processing substream token: PDFOperator{BT}
[2011-03-11 15:00:38,806]DEBUG 11524[AWT-EventQueue-0] - org.apache.pdfbox.util.PDFStreamEngine.processSubStream(PDFStreamEngine.java:269) - processing substream token: COSName{F1}
[2011-03-11 15:00:38,806]DEBUG 11524[AWT-EventQueue-0] - org.apache.pdfbox.util.PDFStreamEngine.processSubStream(PDFStreamEngine.java:269) - processing substream token: COSFloat{8.4}
[2011-03-11 15:00:38,806]DEBUG 11524[AWT-EventQueue-0] - org.apache.pdfbox.util.PDFStreamEngine.processSubStream(PDFStreamEngine.java:269) - processing substream token: PDFOperator{Tf}
[2011-03-11 15:00:38,807]DEBUG 11525[AWT-EventQueue-0] - org.apache.pdfbox.util.PDFStreamEngine.processSubStream(PDFStreamEngine.java:269) - processing substream token: COSInt{1}
[2011-03-11 15:00:38,807]DEBUG 11525[AWT-EventQueue-0] - org.apache.pdfbox.util.PDFStreamEngine.processSubStream(PDFStreamEngine.java:269) - processing substream token: COSInt{0}
[2011-03-11 15:00:38,807]DEBUG 11525[AWT-EventQueue-0] - org.apache.pdfbox.util.PDFStreamEngine.processSubStream(PDFStreamEngine.java:269) - processing substream token: COSInt{0}
[2011-03-11 15:00:38,807]DEBUG 11525[AWT-EventQueue-0] - org.apache.pdfbox.util.PDFStreamEngine.processSubStream(PDFStreamEngine.java:269) - processing substream token: COSInt{1}
[2011-03-11 15:00:38,807]DEBUG 11525[AWT-EventQueue-0] - org.apache.pdfbox.util.PDFStreamEngine.processSubStream(PDFStreamEngine.java:269) - processing substream token: COSFloat{90.0}
[2011-03-11 15:00:38,808]DEBUG 11526[AWT-EventQueue-0] - org.apache.pdfbox.util.PDFStreamEngine.processSubStream(PDFStreamEngine.java:269) - processing substream token: COSFloat{94.879}
[2011-03-11 15:00:38,808]DEBUG 11526[AWT-EventQueue-0] - org.apache.pdfbox.util.PDFStreamEngine.processSubStream(PDFStreamEngine.java:269) - processing substream token: PDFOperator{Tm}
[2011-03-11 15:00:38,808]DEBUG 11526[AWT-EventQueue-0] - org.apache.pdfbox.util.PDFStreamEngine.processSubStream(PDFStreamEngine.java:269) - processing substream token: COSArray{[COSString{Page}, COSFloat{-277.9762}, COSString{7}]}
[2011-03-11 15:00:38,808]DEBUG 11526[AWT-EventQueue-0] - org.apache.pdfbox.util.PDFStreamEngine.processSubStream(PDFStreamEngine.java:269) - processing substream token: PDFOperator{TJ}
[2011-03-11 15:00:38,809]DEBUG 11527[AWT-EventQueue-0] - org.apache.pdfbox.util.PDFStreamEngine.processSubStream(PDFStreamEngine.java:269) - processing substream token: COSName{F2}
[2011-03-11 15:00:38,809]DEBUG 11527[AWT-EventQueue-0] - org.apache.pdfbox.util.PDFStreamEngine.processSubStream(PDFStreamEngine.java:269) - processing substream token: COSFloat{10.0}
[2011-03-11 15:00:38,809]DEBUG 11527[AWT-EventQueue-0] - org.apache.pdfbox.util.PDFStreamEngine.processSubStream(PDFStreamEngine.java:269) - processing substream token: PDFOperator{Tf}
[2011-03-11 15:00:38,809]DEBUG 11527[AWT-EventQueue-0] - org.apache.pdfbox.util.PDFStreamEngine.processSubStream(PDFStreamEngine.java:269) - processing substream token: COSFloat{0.82745}
[2011-03-11 15:00:38,809]DEBUG 11527[AWT-EventQueue-0] - org.apache.pdfbox.util.PDFStreamEngine.processSubStream(PDFStreamEngine.java:269) - processing substream token: PDFOperator{g}
[2011-03-11 15:00:38,810]DEBUG 11528[AWT-EventQueue-0] - org.apache.pdfbox.util.PDFStreamEngine.processSubStream(PDFStreamEngine.java:269) - processing substream token: COSInt{1}
[2011-03-11 15:00:38,810]DEBUG 11528[AWT-EventQueue-0] - org.apache.pdfbox.util.PDFStreamEngine.processSubStream(PDFStreamEngine.java:269) - processing substream token: COSInt{0}
[2011-03-11 15:00:38,810]DEBUG 11528[AWT-EventQueue-0] - org.apache.pdfbox.util.PDFStreamEngine.processSubStream(PDFStreamEngine.java:269) - processing substream token: COSInt{0}
[2011-03-11 15:00:38,810]DEBUG 11528[AWT-EventQueue-0] - org.apache.pdfbox.util.PDFStreamEngine.processSubStream(PDFStreamEngine.java:269) - processing substream token: COSInt{1}
[2011-03-11 15:00:38,811]DEBUG 11529[AWT-EventQueue-0] - org.apache.pdfbox.util.PDFStreamEngine.processSubStream(PDFStreamEngine.java:269) - processing substream token: COSFloat{155.965}
[2011-03-11 15:00:38,811]DEBUG 11529[AWT-EventQueue-0] - org.apache.pdfbox.util.PDFStreamEngine.processSubStream(PDFStreamEngine.java:269) - processing substream token: COSFloat{84.121}
[2011-03-11 15:00:38,811]DEBUG 11529[AWT-EventQueue-0] - org.apache.pdfbox.util.PDFStreamEngine.processSubStream(PDFStreamEngine.java:269) - processing substream token: PDFOperator{Tm}
[2011-03-11 15:00:38,811]DEBUG 11529[AWT-EventQueue-0] - org.apache.pdfbox.util.PDFStreamEngine.processSubStream(PDFStreamEngine.java:269) - processing substream token: COSArray{[COSString{Copyright}, COSFloat{-278.0}, COSString{©}, COSFloat{-278.0}, COSString{2006}, COSFloat{-278.0}, COSString{The}, COSFloat{-278.0}, COSString{Apache}, COSFloat{-278.0}, COSString{Software}, COSFloat{-278.0}, COSString{Foundation.}, COSFloat{-278.0}, COSString{All}, COSFloat{-278.0}, COSString{rights}, COSFloat{-278.0}, COSString{reserved.}]}
[2011-03-11 15:00:38,811]DEBUG 11529[AWT-EventQueue-0] - org.apache.pdfbox.util.PDFStreamEngine.processSubStream(PDFStreamEngine.java:269) - processing substream token: PDFOperator{TJ}
[2011-03-11 15:00:38,812]DEBUG 11530[AWT-EventQueue-0] - org.apache.pdfbox.util.PDFStreamEngine.processSubStream(PDFStreamEngine.java:269) - processing substream token: PDFOperator{ET}
